<?xml version="1.0" encoding="UTF-8"?>
<!-- Generated by org.testng.reporters.JUnitReportReporter -->
<testsuite hostname="LAPTOP-SJ" failures="0" tests="1" name="TestRunner.TestRunnerGuru99" time="7.028" errors="0" timestamp="2023-08-05T15:23:21 IST" skipped="0">
  <testcase classname="TestRunner.TestRunnerGuru99" name="runScenario" time="7.028"/>
  <system-out/>
</testsuite> <!-- TestRunner.TestRunnerGuru99 -->
